---------- Date: 2020-11-06 09:39:29 ~ IP : ::1 ----------
REQUEST URI : /du-an/open-cart/du-an-ckeditor/admin/index.php?route=common/dashboard&token=51063fbf243aebd9a33e9d6510a7498d
MOD DETAILS:
   modFile   : C:\xampp\htdocs\du-an\open-cart\du-an-ckeditor\vqmod/xml/enhanced_vqmod.xml
   id        : Enhanced VQMod Manager
   version   : 1.1
   vqmver    : 2.6.1
   author    : <a href="https://www.opencart.com/index.php?route=marketplace/extension&filter_member=magicmike" title="View all OpenCart extensions by MagicMike" target="_blank"><span style="color:#333; font-weight:bold;">MagicMike <i class="fa fa-external-link"></i></span></a>

File Name    : admin/controller/common/column_left.php(0)
VQModObject::applyMod - SEARCH NOT FOUND (SKIPPED): if ($extension) {

----------------------------------------------------------------------


---------- Date: 2020-11-06 09:40:06 ~ IP : ::1 ----------
REQUEST URI : /du-an/open-cart/du-an-ckeditor/admin/index.php?route=catalog/product&token=51063fbf243aebd9a33e9d6510a7498d
MOD DETAILS:
   modFile   : C:\xampp\htdocs\du-an\open-cart\du-an-ckeditor\vqmod/xml/enhanced_vqmod.xml
   id        : Enhanced VQMod Manager
   version   : 1.1
   vqmver    : 2.6.1
   author    : <a href="https://www.opencart.com/index.php?route=marketplace/extension&filter_member=magicmike" title="View all OpenCart extensions by MagicMike" target="_blank"><span style="color:#333; font-weight:bold;">MagicMike <i class="fa fa-external-link"></i></span></a>

File Name    : admin/controller/common/column_left.php(0)
VQModObject::applyMod - SEARCH NOT FOUND (SKIPPED): if ($extension) {

----------------------------------------------------------------------


---------- Date: 2020-11-06 09:41:31 ~ IP : ::1 ----------
REQUEST URI : /du-an/open-cart/du-an-ckeditor/admin/index.php?route=catalog/category&token=51063fbf243aebd9a33e9d6510a7498d
MOD DETAILS:
   modFile   : C:\xampp\htdocs\du-an\open-cart\du-an-ckeditor\vqmod/xml/enhanced_vqmod.xml
   id        : Enhanced VQMod Manager
   version   : 1.1
   vqmver    : 2.6.1
   author    : <a href="https://www.opencart.com/index.php?route=marketplace/extension&filter_member=magicmike" title="View all OpenCart extensions by MagicMike" target="_blank"><span style="color:#333; font-weight:bold;">MagicMike <i class="fa fa-external-link"></i></span></a>

File Name    : admin/controller/common/column_left.php(0)
VQModObject::applyMod - SEARCH NOT FOUND (SKIPPED): if ($extension) {

----------------------------------------------------------------------


---------- Date: 2020-11-06 09:41:58 ~ IP : ::1 ----------
REQUEST URI : /du-an/open-cart/du-an-ckeditor/admin/index.php?route=catalog/category/add&token=51063fbf243aebd9a33e9d6510a7498d
MOD DETAILS:
   modFile   : C:\xampp\htdocs\du-an\open-cart\du-an-ckeditor\vqmod/xml/enhanced_vqmod.xml
   id        : Enhanced VQMod Manager
   version   : 1.1
   vqmver    : 2.6.1
   author    : <a href="https://www.opencart.com/index.php?route=marketplace/extension&filter_member=magicmike" title="View all OpenCart extensions by MagicMike" target="_blank"><span style="color:#333; font-weight:bold;">MagicMike <i class="fa fa-external-link"></i></span></a>

File Name    : admin/controller/common/column_left.php(0)
VQModObject::applyMod - SEARCH NOT FOUND (SKIPPED): if ($extension) {

----------------------------------------------------------------------


---------- Date: 2020-11-06 09:43:12 ~ IP : ::1 ----------
REQUEST URI : /du-an/open-cart/du-an-ckeditor/admin/index.php?route=catalog/category&token=51063fbf243aebd9a33e9d6510a7498d
MOD DETAILS:
   modFile   : C:\xampp\htdocs\du-an\open-cart\du-an-ckeditor\vqmod/xml/enhanced_vqmod.xml
   id        : Enhanced VQMod Manager
   version   : 1.1
   vqmver    : 2.6.1
   author    : <a href="https://www.opencart.com/index.php?route=marketplace/extension&filter_member=magicmike" title="View all OpenCart extensions by MagicMike" target="_blank"><span style="color:#333; font-weight:bold;">MagicMike <i class="fa fa-external-link"></i></span></a>

File Name    : admin/controller/common/column_left.php(0)
VQModObject::applyMod - SEARCH NOT FOUND (SKIPPED): if ($extension) {

----------------------------------------------------------------------


---------- Date: 2020-11-06 09:43:49 ~ IP : ::1 ----------
REQUEST URI : /du-an/open-cart/du-an-ckeditor/admin/index.php?route=catalog/category/add&token=51063fbf243aebd9a33e9d6510a7498d
MOD DETAILS:
   modFile   : C:\xampp\htdocs\du-an\open-cart\du-an-ckeditor\vqmod/xml/enhanced_vqmod.xml
   id        : Enhanced VQMod Manager
   version   : 1.1
   vqmver    : 2.6.1
   author    : <a href="https://www.opencart.com/index.php?route=marketplace/extension&filter_member=magicmike" title="View all OpenCart extensions by MagicMike" target="_blank"><span style="color:#333; font-weight:bold;">MagicMike <i class="fa fa-external-link"></i></span></a>

File Name    : admin/controller/common/column_left.php(0)
VQModObject::applyMod - SEARCH NOT FOUND (SKIPPED): if ($extension) {

----------------------------------------------------------------------


---------- Date: 2020-11-06 09:44:08 ~ IP : ::1 ----------
REQUEST URI : /du-an/open-cart/du-an-ckeditor/admin/index.php?route=catalog/category&token=51063fbf243aebd9a33e9d6510a7498d
MOD DETAILS:
   modFile   : C:\xampp\htdocs\du-an\open-cart\du-an-ckeditor\vqmod/xml/enhanced_vqmod.xml
   id        : Enhanced VQMod Manager
   version   : 1.1
   vqmver    : 2.6.1
   author    : <a href="https://www.opencart.com/index.php?route=marketplace/extension&filter_member=magicmike" title="View all OpenCart extensions by MagicMike" target="_blank"><span style="color:#333; font-weight:bold;">MagicMike <i class="fa fa-external-link"></i></span></a>

File Name    : admin/controller/common/column_left.php(0)
VQModObject::applyMod - SEARCH NOT FOUND (SKIPPED): if ($extension) {

----------------------------------------------------------------------


---------- Date: 2020-11-06 13:04:38 ~ IP : ::1 ----------
REQUEST URI : /du-an/open-cart/du-an-ckeditor/admin/index.php?route=catalog/category&token=51063fbf243aebd9a33e9d6510a7498d
MOD DETAILS:
   modFile   : C:\xampp\htdocs\du-an\open-cart\du-an-ckeditor\vqmod/xml/enhanced_vqmod.xml
   id        : Enhanced VQMod Manager
   version   : 1.1
   vqmver    : 2.6.1
   author    : <a href="https://www.opencart.com/index.php?route=marketplace/extension&filter_member=magicmike" title="View all OpenCart extensions by MagicMike" target="_blank"><span style="color:#333; font-weight:bold;">MagicMike <i class="fa fa-external-link"></i></span></a>

File Name    : admin/controller/common/column_left.php(0)
VQModObject::applyMod - SEARCH NOT FOUND (SKIPPED): if ($extension) {

----------------------------------------------------------------------


---------- Date: 2020-11-06 13:04:39 ~ IP : ::1 ----------
REQUEST URI : /du-an/open-cart/du-an-ckeditor/admin/index.php?route=catalog/category&token=51063fbf243aebd9a33e9d6510a7498d
MOD DETAILS:
   modFile   : C:\xampp\htdocs\du-an\open-cart\du-an-ckeditor\vqmod/xml/enhanced_vqmod.xml
   id        : Enhanced VQMod Manager
   version   : 1.1
   vqmver    : 2.6.1
   author    : <a href="https://www.opencart.com/index.php?route=marketplace/extension&filter_member=magicmike" title="View all OpenCart extensions by MagicMike" target="_blank"><span style="color:#333; font-weight:bold;">MagicMike <i class="fa fa-external-link"></i></span></a>

File Name    : admin/controller/common/column_left.php(0)
VQModObject::applyMod - SEARCH NOT FOUND (SKIPPED): if ($extension) {

----------------------------------------------------------------------


---------- Date: 2020-11-06 13:53:04 ~ IP : ::1 ----------
REQUEST URI : /du-an/open-cart/du-an-ckeditor/admin/index.php?route=catalog/category/add&token=51063fbf243aebd9a33e9d6510a7498d
MOD DETAILS:
   modFile   : C:\xampp\htdocs\du-an\open-cart\du-an-ckeditor\vqmod/xml/enhanced_vqmod.xml
   id        : Enhanced VQMod Manager
   version   : 1.1
   vqmver    : 2.6.1
   author    : <a href="https://www.opencart.com/index.php?route=marketplace/extension&filter_member=magicmike" title="View all OpenCart extensions by MagicMike" target="_blank"><span style="color:#333; font-weight:bold;">MagicMike <i class="fa fa-external-link"></i></span></a>

File Name    : admin/controller/common/column_left.php(0)
VQModObject::applyMod - SEARCH NOT FOUND (SKIPPED): if ($extension) {

----------------------------------------------------------------------


---------- Date: 2020-11-06 13:53:24 ~ IP : ::1 ----------
REQUEST URI : /du-an/open-cart/du-an-ckeditor/admin/index.php?route=catalog/category/add&token=51063fbf243aebd9a33e9d6510a7498d
MOD DETAILS:
   modFile   : C:\xampp\htdocs\du-an\open-cart\du-an-ckeditor\vqmod/xml/enhanced_vqmod.xml
   id        : Enhanced VQMod Manager
   version   : 1.1
   vqmver    : 2.6.1
   author    : <a href="https://www.opencart.com/index.php?route=marketplace/extension&filter_member=magicmike" title="View all OpenCart extensions by MagicMike" target="_blank"><span style="color:#333; font-weight:bold;">MagicMike <i class="fa fa-external-link"></i></span></a>

File Name    : admin/controller/common/column_left.php(0)
VQModObject::applyMod - SEARCH NOT FOUND (SKIPPED): if ($extension) {

----------------------------------------------------------------------


---------- Date: 2020-11-06 13:53:39 ~ IP : ::1 ----------
REQUEST URI : /du-an/open-cart/du-an-ckeditor/admin/index.php?route=catalog/category&token=51063fbf243aebd9a33e9d6510a7498d
MOD DETAILS:
   modFile   : C:\xampp\htdocs\du-an\open-cart\du-an-ckeditor\vqmod/xml/enhanced_vqmod.xml
   id        : Enhanced VQMod Manager
   version   : 1.1
   vqmver    : 2.6.1
   author    : <a href="https://www.opencart.com/index.php?route=marketplace/extension&filter_member=magicmike" title="View all OpenCart extensions by MagicMike" target="_blank"><span style="color:#333; font-weight:bold;">MagicMike <i class="fa fa-external-link"></i></span></a>

File Name    : admin/controller/common/column_left.php(0)
VQModObject::applyMod - SEARCH NOT FOUND (SKIPPED): if ($extension) {

----------------------------------------------------------------------


