2020-11-03 13:21:45 - PHP Warning:  mail(): Failed to connect to mailserver at &quot;localhost&quot; port 25, verify your &quot;SMTP&quot; and &quot;smtp_port&quot; setting in php.ini or use ini_set() in C:\xampp\htdocs\du-an\open-cart\du-an-ckeditor\system\library\mail.php on line 164
2020-11-03 13:26:14 - PHP Warning:  mail(): Failed to connect to mailserver at &quot;localhost&quot; port 25, verify your &quot;SMTP&quot; and &quot;smtp_port&quot; setting in php.ini or use ini_set() in C:\xampp\htdocs\du-an\open-cart\du-an-ckeditor\system\library\mail.php on line 164
2020-11-03 13:31:00 - PHP Warning:  mail(): Failed to connect to mailserver at &quot;localhost&quot; port 25, verify your &quot;SMTP&quot; and &quot;smtp_port&quot; setting in php.ini or use ini_set() in C:\xampp\htdocs\du-an\open-cart\du-an-ckeditor\system\library\mail.php on line 164
2020-11-03 13:44:01 - PHP Warning:  mail(): Failed to connect to mailserver at &quot;localhost&quot; port 25, verify your &quot;SMTP&quot; and &quot;smtp_port&quot; setting in php.ini or use ini_set() in C:\xampp\htdocs\du-an\open-cart\du-an-ckeditor\system\library\mail.php on line 164
2020-11-03 13:45:28 - PHP Warning:  mail(): Failed to connect to mailserver at &quot;localhost&quot; port 25, verify your &quot;SMTP&quot; and &quot;smtp_port&quot; setting in php.ini or use ini_set() in C:\xampp\htdocs\du-an\open-cart\du-an-ckeditor\system\library\mail.php on line 164
2020-11-03 13:49:15 - PHP Warning:  mail(): Failed to connect to mailserver at &quot;localhost&quot; port 25, verify your &quot;SMTP&quot; and &quot;smtp_port&quot; setting in php.ini or use ini_set() in C:\xampp\htdocs\du-an\open-cart\du-an-ckeditor\system\library\mail.php on line 164
2020-11-03 13:53:47 - PHP Warning:  mail(): Failed to connect to mailserver at &quot;localhost&quot; port 25, verify your &quot;SMTP&quot; and &quot;smtp_port&quot; setting in php.ini or use ini_set() in C:\xampp\htdocs\du-an\open-cart\du-an-ckeditor\system\library\mail.php on line 164
2020-11-03 13:57:51 - PHP Warning:  mail(): Failed to connect to mailserver at &quot;localhost&quot; port 25, verify your &quot;SMTP&quot; and &quot;smtp_port&quot; setting in php.ini or use ini_set() in C:\xampp\htdocs\du-an\open-cart\du-an-ckeditor\system\library\mail.php on line 164
2020-11-03 14:46:31 - PHP Warning:  mail(): Failed to connect to mailserver at &quot;localhost&quot; port 25, verify your &quot;SMTP&quot; and &quot;smtp_port&quot; setting in php.ini or use ini_set() in C:\xampp\htdocs\du-an\open-cart\du-an-ckeditor\system\library\mail.php on line 164
2020-11-03 14:56:59 - PHP Notice:  Undefined index: infoCustomer in C:\xampp\htdocs\du-an\open-cart\du-an-ckeditor\vqmod\vqcache\vq2-catalog_controller_account_edit.php on line 159
2020-11-03 15:10:10 - PHP Warning:  mail(): Failed to connect to mailserver at &quot;localhost&quot; port 25, verify your &quot;SMTP&quot; and &quot;smtp_port&quot; setting in php.ini or use ini_set() in C:\xampp\htdocs\du-an\open-cart\du-an-ckeditor\system\library\mail.php on line 164
2020-11-03 15:17:56 - PHP Warning:  Use of undefined constant infoCustomer - assumed 'infoCustomer' (this will throw an Error in a future version of PHP) in C:\xampp\htdocs\du-an\open-cart\du-an-ckeditor\vqmod\vqcache\vq2-catalog_view_theme_default_template_account_register.tpl on line 511
2020-11-03 15:24:17 - PHP Warning:  mail(): Failed to connect to mailserver at &quot;localhost&quot; port 25, verify your &quot;SMTP&quot; and &quot;smtp_port&quot; setting in php.ini or use ini_set() in C:\xampp\htdocs\du-an\open-cart\du-an-ckeditor\system\library\mail.php on line 164
2020-11-03 16:21:14 - PHP Notice:  Undefined variable: success in C:\xampp\htdocs\du-an\open-cart\du-an-ckeditor\catalog\controller\account\uploadimage.php on line 16
2020-11-03 16:21:47 - PHP Notice:  Undefined variable: success in C:\xampp\htdocs\du-an\open-cart\du-an-ckeditor\catalog\controller\account\uploadimage.php on line 16
2020-11-03 16:22:30 - PHP Notice:  Undefined variable: success in C:\xampp\htdocs\du-an\open-cart\du-an-ckeditor\catalog\controller\account\uploadimage.php on line 16
2020-11-03 16:23:23 - PHP Notice:  Undefined variable: success in C:\xampp\htdocs\du-an\open-cart\du-an-ckeditor\catalog\controller\account\uploadimage.php on line 16
2020-11-03 16:24:33 - PHP Notice:  Undefined variable: success in C:\xampp\htdocs\du-an\open-cart\du-an-ckeditor\catalog\controller\account\uploadimage.php on line 16
2020-11-03 16:28:05 - PHP Notice:  Undefined variable: success in C:\xampp\htdocs\du-an\open-cart\du-an-ckeditor\catalog\controller\account\uploadimage.php on line 16
2020-11-03 16:28:15 - PHP Notice:  Undefined variable: success in C:\xampp\htdocs\du-an\open-cart\du-an-ckeditor\catalog\controller\account\uploadimage.php on line 16
2020-11-03 16:29:42 - PHP Notice:  Undefined variable: success in C:\xampp\htdocs\du-an\open-cart\du-an-ckeditor\catalog\controller\account\uploadimage.php on line 16
2020-11-03 16:33:01 - PHP Notice:  Undefined variable: success in C:\xampp\htdocs\du-an\open-cart\du-an-ckeditor\catalog\controller\account\uploadimage.php on line 16
2020-11-03 16:37:29 - PHP Notice:  Undefined variable: success in C:\xampp\htdocs\du-an\open-cart\du-an-ckeditor\catalog\controller\account\uploadimage.php on line 16
2020-11-03 16:37:49 - PHP Notice:  Undefined variable: success in C:\xampp\htdocs\du-an\open-cart\du-an-ckeditor\catalog\controller\account\uploadimage.php on line 16
2020-11-03 16:42:27 - PHP Notice:  Undefined variable: success in C:\xampp\htdocs\du-an\open-cart\du-an-ckeditor\catalog\controller\account\uploadimage.php on line 16
2020-11-03 16:42:43 - PHP Notice:  Undefined variable: success in C:\xampp\htdocs\du-an\open-cart\du-an-ckeditor\catalog\controller\account\uploadimage.php on line 16
2020-11-04 13:48:13 - PHP Notice:  Undefined variable: ext in C:\xampp\htdocs\du-an\open-cart\du-an-ckeditor\catalog\controller\account\uploadimage.php on line 7
2020-11-04 13:48:13 - PHP Warning:  move_uploaded_file(C:\xampp\htdocs\du-an\open-cart\du-an-ckeditor/system/upload/01:48:13pmkitty.png): failed to open stream: No such file or directory in C:\xampp\htdocs\du-an\open-cart\du-an-ckeditor\catalog\controller\account\uploadimage.php on line 9
2020-11-04 13:48:13 - PHP Warning:  move_uploaded_file(): Unable to move 'C:\xampp\tmp\php8FF7.tmp' to 'C:\xampp\htdocs\du-an\open-cart\du-an-ckeditor/system/upload/01:48:13pmkitty.png' in C:\xampp\htdocs\du-an\open-cart\du-an-ckeditor\catalog\controller\account\uploadimage.php on line 9
2020-11-04 13:49:49 - PHP Notice:  Undefined variable: ext in C:\xampp\htdocs\du-an\open-cart\du-an-ckeditor\catalog\controller\account\uploadimage.php on line 7
2020-11-04 13:49:49 - PHP Warning:  move_uploaded_file(C:\xampp\htdocs\du-an\open-cart\du-an-ckeditor/system/upload/01:49:49pmkitty.png): failed to open stream: No such file or directory in C:\xampp\htdocs\du-an\open-cart\du-an-ckeditor\catalog\controller\account\uploadimage.php on line 9
2020-11-04 13:49:49 - PHP Warning:  move_uploaded_file(): Unable to move 'C:\xampp\tmp\php64F.tmp' to 'C:\xampp\htdocs\du-an\open-cart\du-an-ckeditor/system/upload/01:49:49pmkitty.png' in C:\xampp\htdocs\du-an\open-cart\du-an-ckeditor\catalog\controller\account\uploadimage.php on line 9
2020-11-04 13:53:58 - PHP Notice:  Undefined variable: ext in C:\xampp\htdocs\du-an\open-cart\du-an-ckeditor\catalog\controller\account\uploadimage.php on line 7
2020-11-04 13:53:58 - PHP Warning:  move_uploaded_file(C:\xampp\htdocs\du-an\open-cart\du-an-ckeditor/system/upload/01:53:58pmkitty.png): failed to open stream: No such file or directory in C:\xampp\htdocs\du-an\open-cart\du-an-ckeditor\catalog\controller\account\uploadimage.php on line 9
2020-11-04 13:53:58 - PHP Warning:  move_uploaded_file(): Unable to move 'C:\xampp\tmp\phpD513.tmp' to 'C:\xampp\htdocs\du-an\open-cart\du-an-ckeditor/system/upload/01:53:58pmkitty.png' in C:\xampp\htdocs\du-an\open-cart\du-an-ckeditor\catalog\controller\account\uploadimage.php on line 9
2020-11-04 13:55:18 - PHP Notice:  Undefined variable: ext in C:\xampp\htdocs\du-an\open-cart\du-an-ckeditor\catalog\controller\account\uploadimage.php on line 7
2020-11-04 13:55:18 - PHP Warning:  move_uploaded_file(C:\xampp\htdocs\du-an\open-cart\du-an-ckeditor/system/upload/01:55:18pmkitty.png): failed to open stream: No such file or directory in C:\xampp\htdocs\du-an\open-cart\du-an-ckeditor\catalog\controller\account\uploadimage.php on line 9
2020-11-04 13:55:18 - PHP Warning:  move_uploaded_file(): Unable to move 'C:\xampp\tmp\php1002.tmp' to 'C:\xampp\htdocs\du-an\open-cart\du-an-ckeditor/system/upload/01:55:18pmkitty.png' in C:\xampp\htdocs\du-an\open-cart\du-an-ckeditor\catalog\controller\account\uploadimage.php on line 9
2020-11-04 14:11:00 - PHP Notice:  Undefined variable: ext in C:\xampp\htdocs\du-an\open-cart\du-an-ckeditor\catalog\controller\account\uploadimage.php on line 7
2020-11-04 14:11:00 - PHP Warning:  move_uploaded_file(C:\xampp\htdocs\du-an\open-cart\du-an-ckeditor/system/upload/02:11:00pmkitty.png): failed to open stream: No such file or directory in C:\xampp\htdocs\du-an\open-cart\du-an-ckeditor\catalog\controller\account\uploadimage.php on line 9
2020-11-04 14:11:00 - PHP Warning:  move_uploaded_file(): Unable to move 'C:\xampp\tmp\php6E48.tmp' to 'C:\xampp\htdocs\du-an\open-cart\du-an-ckeditor/system/upload/02:11:00pmkitty.png' in C:\xampp\htdocs\du-an\open-cart\du-an-ckeditor\catalog\controller\account\uploadimage.php on line 9
2020-11-04 14:11:49 - PHP Notice:  Undefined variable: ext in C:\xampp\htdocs\du-an\open-cart\du-an-ckeditor\catalog\controller\account\uploadimage.php on line 7
2020-11-04 14:11:49 - PHP Warning:  move_uploaded_file(C:\xampp\htdocs\du-an\open-cart\du-an-ckeditor/system/upload/02:11:49pmkitty.png): failed to open stream: No such file or directory in C:\xampp\htdocs\du-an\open-cart\du-an-ckeditor\catalog\controller\account\uploadimage.php on line 9
2020-11-04 14:11:49 - PHP Warning:  move_uploaded_file(): Unable to move 'C:\xampp\tmp\php2E4D.tmp' to 'C:\xampp\htdocs\du-an\open-cart\du-an-ckeditor/system/upload/02:11:49pmkitty.png' in C:\xampp\htdocs\du-an\open-cart\du-an-ckeditor\catalog\controller\account\uploadimage.php on line 9
2020-11-04 15:29:14 - PHP Notice:  Undefined variable: ext in C:\xampp\htdocs\du-an\open-cart\du-an-ckeditor\catalog\controller\account\uploadimage.php on line 7
2020-11-04 15:29:14 - PHP Warning:  move_uploaded_file(C:\xampp\htdocs\du-an\open-cart\du-an-ckeditor/system/upload/03:29:14pmkitty.png): failed to open stream: No such file or directory in C:\xampp\htdocs\du-an\open-cart\du-an-ckeditor\catalog\controller\account\uploadimage.php on line 9
2020-11-04 15:29:14 - PHP Warning:  move_uploaded_file(): Unable to move 'C:\xampp\tmp\phpD48.tmp' to 'C:\xampp\htdocs\du-an\open-cart\du-an-ckeditor/system/upload/03:29:14pmkitty.png' in C:\xampp\htdocs\du-an\open-cart\du-an-ckeditor\catalog\controller\account\uploadimage.php on line 9
2020-11-04 15:31:56 - PHP Warning:  move_uploaded_file(C:\xampp\htdocs\du-an\open-cart\du-an-ckeditor/system/upload/03:31:56pmkitty.png): failed to open stream: No such file or directory in C:\xampp\htdocs\du-an\open-cart\du-an-ckeditor\catalog\controller\account\uploadimage.php on line 9
2020-11-04 15:31:56 - PHP Warning:  move_uploaded_file(): Unable to move 'C:\xampp\tmp\php893C.tmp' to 'C:\xampp\htdocs\du-an\open-cart\du-an-ckeditor/system/upload/03:31:56pmkitty.png' in C:\xampp\htdocs\du-an\open-cart\du-an-ckeditor\catalog\controller\account\uploadimage.php on line 9
2020-11-04 16:54:53 - PHP Warning:  chmod(): No such file or directory in C:\xampp\htdocs\du-an\open-cart\du-an-ckeditor\catalog\controller\account\uploadimage.php on line 11
2020-11-04 16:54:53 - PHP Warning:  move_uploaded_file(http://localhost/du-an/open-cart/du-an-ckeditor/system/upload/271064264.png): failed to open stream: HTTP wrapper does not support writeable connections in C:\xampp\htdocs\du-an\open-cart\du-an-ckeditor\catalog\controller\account\uploadimage.php on line 15
2020-11-04 16:54:53 - PHP Warning:  move_uploaded_file(): Unable to move 'C:\xampp\tmp\php7B13.tmp' to 'http://localhost/du-an/open-cart/du-an-ckeditor/system/upload/271064264.png' in C:\xampp\htdocs\du-an\open-cart\du-an-ckeditor\catalog\controller\account\uploadimage.php on line 15
2020-11-04 16:58:16 - PHP Warning:  chmod(): No such file or directory in C:\xampp\htdocs\du-an\open-cart\du-an-ckeditor\catalog\controller\account\uploadimage.php on line 11
2020-11-04 17:00:40 - PHP Warning:  mail(): Failed to connect to mailserver at &quot;localhost&quot; port 25, verify your &quot;SMTP&quot; and &quot;smtp_port&quot; setting in php.ini or use ini_set() in C:\xampp\htdocs\du-an\open-cart\du-an-ckeditor\system\library\mail.php on line 164
